  Data.cpp
  Date.cpp
  DayRecord.cpp
  IOUtil.cpp
c:\users\matts\desktop\uni coding\3rd year, 1st sem\ict283\supplementaryassignment\supplementaryassignment\ioutil.cpp(385): warning C4244: '=': conversion from 'double' to 'float', possible loss of data
c:\users\matts\desktop\uni coding\3rd year, 1st sem\ict283\supplementaryassignment\supplementaryassignment\ioutil.cpp(411): warning C4244: '=': conversion from 'double' to 'float', possible loss of data
c:\users\matts\desktop\uni coding\3rd year, 1st sem\ict283\supplementaryassignment\supplementaryassignment\ioutil.cpp(431): warning C4244: '=': conversion from 'double' to 'float', possible loss of data
c:\users\matts\desktop\uni coding\3rd year, 1st sem\ict283\supplementaryassignment\supplementaryassignment\bst.h(675): warning C4018: '<': signed/unsigned mismatch
  c:\users\matts\desktop\uni coding\3rd year, 1st sem\ict283\supplementaryassignment\supplementaryassignment\bst.h(671): note: while compiling class template member function 'void BST<float,Time>::PrintMax(BST<float,Time>::Node *&)'
  c:\users\matts\desktop\uni coding\3rd year, 1st sem\ict283\supplementaryassignment\supplementaryassignment\bst.h(659): note: see reference to function template instantiation 'void BST<float,Time>::PrintMax(BST<float,Time>::Node *&)' being compiled
  c:\users\matts\desktop\uni coding\3rd year, 1st sem\ict283\supplementaryassignment\supplementaryassignment\bst.h(656): note: while compiling class template member function 'void BST<float,Time>::MaxHelper(BST<float,Time>::Node *&)'
  c:\users\matts\desktop\uni coding\3rd year, 1st sem\ict283\supplementaryassignment\supplementaryassignment\bst.h(636): note: see reference to function template instantiation 'void BST<float,Time>::MaxHelper(BST<float,Time>::Node *&)' being compiled
  c:\users\matts\desktop\uni coding\3rd year, 1st sem\ict283\supplementaryassignment\supplementaryassignment\bst.h(635): note: while compiling class template member function 'void BST<float,Time>::Max(void)'
  c:\users\matts\desktop\uni coding\3rd year, 1st sem\ict283\supplementaryassignment\supplementaryassignment\ioutil.cpp(320): note: see reference to function template instantiation 'void BST<float,Time>::Max(void)' being compiled
  c:\users\matts\desktop\uni coding\3rd year, 1st sem\ict283\supplementaryassignment\supplementaryassignment\dayrecord.h(96): note: see reference to class template instantiation 'BST<float,Time>' being compiled
  Main.cpp
  MonthRecord.cpp
  DateTime.cpp
  Record.cpp
  Time.cpp
  YearRecord.cpp
  Generating Code...
  SupplementaryAssignment.vcxproj -> C:\Users\matts\Desktop\Uni Coding\3rd Year, 1st Sem\ICT283\SupplementaryAssignment\Debug\SupplementaryAssignment.exe
