c:\users\matts\desktop\uni coding\3rd year, 1st sem\ict283\supplementaryassignment\supplementaryassignment\debug\vc141.pdb
c:\users\matts\desktop\uni coding\3rd year, 1st sem\ict283\supplementaryassignment\supplementaryassignment\debug\vc141.idb
c:\users\matts\desktop\uni coding\3rd year, 1st sem\ict283\supplementaryassignment\supplementaryassignment\debug\yearrecord.obj
c:\users\matts\desktop\uni coding\3rd year, 1st sem\ict283\supplementaryassignment\supplementaryassignment\debug\time.obj
c:\users\matts\desktop\uni coding\3rd year, 1st sem\ict283\supplementaryassignment\supplementaryassignment\debug\record.obj
c:\users\matts\desktop\uni coding\3rd year, 1st sem\ict283\supplementaryassignment\supplementaryassignment\debug\datetime.obj
c:\users\matts\desktop\uni coding\3rd year, 1st sem\ict283\supplementaryassignment\supplementaryassignment\debug\monthrecord.obj
c:\users\matts\desktop\uni coding\3rd year, 1st sem\ict283\supplementaryassignment\supplementaryassignment\debug\dayrecord.obj
c:\users\matts\desktop\uni coding\3rd year, 1st sem\ict283\supplementaryassignment\supplementaryassignment\debug\date.obj
c:\users\matts\desktop\uni coding\3rd year, 1st sem\ict283\supplementaryassignment\supplementaryassignment\debug\data.obj
c:\users\matts\desktop\uni coding\3rd year, 1st sem\ict283\supplementaryassignment\supplementaryassignment\debug\main.obj
c:\users\matts\desktop\uni coding\3rd year, 1st sem\ict283\supplementaryassignment\supplementaryassignment\debug\ioutil.obj
c:\users\matts\desktop\uni coding\3rd year, 1st sem\ict283\supplementaryassignment\debug\supplementaryassignment.ilk
c:\users\matts\desktop\uni coding\3rd year, 1st sem\ict283\supplementaryassignment\debug\supplementaryassignment.exe
c:\users\matts\desktop\uni coding\3rd year, 1st sem\ict283\supplementaryassignment\debug\supplementaryassignment.pdb
c:\users\matts\desktop\uni coding\3rd year, 1st sem\ict283\supplementaryassignment\supplementaryassignment\debug\data.nativecodeanalysis.xml
c:\users\matts\desktop\uni coding\3rd year, 1st sem\ict283\supplementaryassignment\supplementaryassignment\debug\date.nativecodeanalysis.xml
c:\users\matts\desktop\uni coding\3rd year, 1st sem\ict283\supplementaryassignment\supplementaryassignment\debug\datetime.nativecodeanalysis.xml
c:\users\matts\desktop\uni coding\3rd year, 1st sem\ict283\supplementaryassignment\supplementaryassignment\debug\dayrecord.nativecodeanalysis.xml
c:\users\matts\desktop\uni coding\3rd year, 1st sem\ict283\supplementaryassignment\supplementaryassignment\debug\ioutil.nativecodeanalysis.xml
c:\users\matts\desktop\uni coding\3rd year, 1st sem\ict283\supplementaryassignment\supplementaryassignment\debug\main.nativecodeanalysis.xml
c:\users\matts\desktop\uni coding\3rd year, 1st sem\ict283\supplementaryassignment\supplementaryassignment\debug\monthrecord.nativecodeanalysis.xml
c:\users\matts\desktop\uni coding\3rd year, 1st sem\ict283\supplementaryassignment\supplementaryassignment\debug\record.nativecodeanalysis.xml
c:\users\matts\desktop\uni coding\3rd year, 1st sem\ict283\supplementaryassignment\supplementaryassignment\debug\time.nativecodeanalysis.xml
c:\users\matts\desktop\uni coding\3rd year, 1st sem\ict283\supplementaryassignment\supplementaryassignment\debug\yearrecord.nativecodeanalysis.xml
c:\users\matts\desktop\uni coding\3rd year, 1st sem\ict283\supplementaryassignment\supplementaryassignment\debug\suppleme.1347002d.tlog\cl.command.1.tlog
c:\users\matts\desktop\uni coding\3rd year, 1st sem\ict283\supplementaryassignment\supplementaryassignment\debug\suppleme.1347002d.tlog\cl.read.1.tlog
c:\users\matts\desktop\uni coding\3rd year, 1st sem\ict283\supplementaryassignment\supplementaryassignment\debug\suppleme.1347002d.tlog\cl.write.1.tlog
c:\users\matts\desktop\uni coding\3rd year, 1st sem\ict283\supplementaryassignment\supplementaryassignment\debug\suppleme.1347002d.tlog\link.command.1.tlog
c:\users\matts\desktop\uni coding\3rd year, 1st sem\ict283\supplementaryassignment\supplementaryassignment\debug\suppleme.1347002d.tlog\link.read.1.tlog
c:\users\matts\desktop\uni coding\3rd year, 1st sem\ict283\supplementaryassignment\supplementaryassignment\debug\suppleme.1347002d.tlog\link.write.1.tlog
